<?xml version="1.0" encoding="UTF-8"?>
<!-- Generated by org.testng.reporters.JUnitXMLReporter -->
<testsuite ignored="3" hostname="SAJITHs-MacBook-Air.local" failures="0" tests="1" name="Test" time="17.599" errors="0" timestamp="2026-02-04T20:47:52 IST">
  <testcase classname="testScript.LoginPageTest" name="verifyUserLogin" time="5.196"/>
  <testcase classname="testScript.LoginPageTest" name="verifyUserLoginAllCombos" time="0.0">
    <ignored/>
  </testcase> <!-- verifyUserLoginAllCombos -->
  <testcase classname="testScript.LoginPageTest" name="verifycorrectUserInCorrectPwd" time="0.0">
    <ignored/>
  </testcase> <!-- verifycorrectUserInCorrectPwd -->
  <testcase classname="testScript.LoginPageTest" name="verifyIncorrectUserCorrectPwd" time="0.0">
    <ignored/>
  </testcase> <!-- verifyIncorrectUserCorrectPwd -->
</testsuite> <!-- Test -->
