<?xml version="1.0" encoding="UTF-8"?>
<!-- Generated by org.testng.reporters.JUnitXMLReporter -->
<testsuite ignored="0" hostname="SAJITHs-MacBook-Air.local" failures="1" tests="3" name="Test" time="57.116" errors="0" timestamp="2026-02-05T20:51:08 IST">
  <testcase classname="testScript.ManageCategoryTest" name="createCategory" time="8.027">
    <skipped/>
  </testcase> <!-- createCategory -->
  <testcase classname="testScript.ManageCategoryTest" name="createCategory" time="7.682">
    <skipped/>
  </testcase> <!-- createCategory -->
  <testcase classname="testScript.ManageCategoryTest" name="createCategory" time="8.285">
    <failure type="org.openqa.selenium.JavascriptException" message="javascript error: pixelnumber is not defined
  (Session info: chrome=144.0.7559.110)
Build info: version: &amp;apos;4.34.0&amp;apos;, revision: &amp;apos;707dcb4246*&amp;apos;
System info: os.name: &amp;apos;Mac OS X&amp;apos;, os.arch: &amp;apos;aarch64&amp;apos;, os.version: &amp;apos;26.2&amp;apos;, java.version: &amp;apos;17.0.12&amp;apos;
Driver info: org.openqa.selenium.chrome.ChromeDriver
Command: [9f26482421eaa03a4a0e67025c0809dd, executeScript {args=[], script=window.scrollBy(0,pixelnumber)}]
Capabilities {acceptInsecureCerts: false, browserName: chrome, browserVersion: 144.0.7559.110, chrome: {chromedriverVersion: 144.0.7559.133 (7da823b1d59..., userDataDir: /var/folders/52/wxc_q65x1zv...}, fedcm:accounts: true, goog:chromeOptions: {debuggerAddress: localhost:64032}, goog:processID: 12365, networkConnectionEnabled: false, pageLoadStrategy: normal, platformName: mac, proxy: Proxy(), se:cdp: ws://localhost:64032/devtoo..., se:cdpVersion: 144.0.7559.110, setWindowRect: true, strictFileInteractability: false, timeouts: {implicit: 0, pageLoad: 300000, script: 30000}, unhandledPromptBehavior: dismiss and notify, webauthn:extension:credBlob: true, webauthn:extension:largeBlob: true, webauthn:extension:minPinLength: true, webauthn:extension:prf: true, webauthn:virtualAuthenticators: true}
Session ID: 9f26482421eaa03a4a0e67025c0809dd">
      <![CDATA[org.openqa.selenium.JavascriptException: javascript error: pixelnumber is not defined
  (Session info: chrome=144.0.7559.110)
Build info: version: '4.34.0', revision: '707dcb4246*'
System info: os.name: 'Mac OS X', os.arch: 'aarch64', os.version: '26.2', java.version: '17.0.12'
Driver info: org.openqa.selenium.chrome.ChromeDriver
Command: [9f26482421eaa03a4a0e67025c0809dd, executeScript {args=[], script=window.scrollBy(0,pixelnumber)}]
Capabilities {acceptInsecureCerts: false, browserName: chrome, browserVersion: 144.0.7559.110, chrome: {chromedriverVersion: 144.0.7559.133 (7da823b1d59..., userDataDir: /var/folders/52/wxc_q65x1zv...}, fedcm:accounts: true, goog:chromeOptions: {debuggerAddress: localhost:64032}, goog:processID: 12365, networkConnectionEnabled: false, pageLoadStrategy: normal, platformName: mac, proxy: Proxy(), se:cdp: ws://localhost:64032/devtoo..., se:cdpVersion: 144.0.7559.110, setWindowRect: true, strictFileInteractability: false, timeouts: {implicit: 0, pageLoad: 300000, script: 30000}, unhandledPromptBehavior: dismiss and notify, webauthn:extension:credBlob: true, webauthn:extension:largeBlob: true, webauthn:extension:minPinLength: true, webauthn:extension:prf: true, webauthn:virtualAuthenticators: true}
Session ID: 9f26482421eaa03a4a0e67025c0809dd
at org.openqa.selenium.remote.ErrorCodec.decode(ErrorCodec.java:167)
at org.openqa.selenium.remote.codec.w3c.W3CHttpResponseCodec.decode(W3CHttpResponseCodec.java:138)
at org.openqa.selenium.remote.codec.w3c.W3CHttpResponseCodec.decode(W3CHttpResponseCodec.java:50)
at org.openqa.selenium.remote.HttpCommandExecutor.execute(HttpCommandExecutor.java:215)
at org.openqa.selenium.remote.service.DriverCommandExecutor.invokeExecute(DriverCommandExecutor.java:216)
at org.openqa.selenium.remote.service.DriverCommandExecutor.execute(DriverCommandExecutor.java:174)
at org.openqa.selenium.remote.RemoteWebDriver.execute(RemoteWebDriver.java:544)
at org.openqa.selenium.remote.RemoteWebDriver.executeScript(RemoteWebDriver.java:475)
at utilities.PageUtilities.scroll(PageUtilities.java:47)
at pages.ManageCategory.submit(ManageCategory.java:70)
at testScript.ManageCategoryTest.createCategory(ManageCategoryTest.java:24)
at java.base/java.util.ArrayList.forEach(ArrayList.java:1511)
... Removed 32 stack frames]]>
    </failure>
  </testcase> <!-- createCategory -->
</testsuite> <!-- Test -->
