<?xml version="1.0" encoding="UTF-8"?>
<!-- Generated by org.testng.reporters.JUnitXMLReporter -->
<testsuite ignored="3" hostname="SAJITHs-MacBook-Air.local" failures="1" tests="1" name="Default test" time="0.026" errors="0" timestamp="2026-02-04T20:47:04 IST">
  <testcase classname="testScript.LoginPageTest" name="verifyUserLogin" time="0.0">
    <failure type="org.testng.TestNGException" message="
Parameter &amp;apos;uname&amp;apos; is required by @Test on method verifyUserLogin but has not been marked @Optional or defined
in /private/var/folders/52/wxc_q65x1zv2t_tqcvlbkjz00000gn/T/testng-eclipse-2010508377/testng-customsuite.xml">
      <![CDATA[org.testng.TestNGException: 
Parameter 'uname' is required by @Test on method verifyUserLogin but has not been marked @Optional or defined
in /private/var/folders/52/wxc_q65x1zv2t_tqcvlbkjz00000gn/T/testng-eclipse-2010508377/testng-customsuite.xml
at org.testng.internal.Parameters.createParams(Parameters.java:264)
at org.testng.internal.Parameters.createParametersForMethod(Parameters.java:352)
at org.testng.internal.Parameters.createParameters(Parameters.java:690)
at org.testng.internal.Parameters.handleParameters(Parameters.java:885)
at org.testng.internal.Parameters.handleParameters(Parameters.java:734)
at org.testng.internal.invokers.ParameterHandler.handleParameters(ParameterHandler.java:72)
at org.testng.internal.invokers.ParameterHandler.createParameters(ParameterHandler.java:51)
at org.testng.internal.invokers.TestInvoker$MethodInvocationAgent.invoke(TestInvoker.java:949)
at org.testng.internal.invokers.TestInvoker.invokeTestMethods(TestInvoker.java:203)
at org.testng.internal.invokers.TestMethodWorker.invokeTestMethods(TestMethodWorker.java:154)
at org.testng.internal.invokers.TestMethodWorker.run(TestMethodWorker.java:134)
at java.base/java.util.ArrayList.forEach(ArrayList.java:1511)
at org.testng.TestRunner.privateRun(TestRunner.java:741)
at org.testng.TestRunner.run(TestRunner.java:616)
at org.testng.SuiteRunner.runTest(SuiteRunner.java:421)
at org.testng.SuiteRunner.runSequentially(SuiteRunner.java:413)
at org.testng.SuiteRunner.privateRun(SuiteRunner.java:373)
at org.testng.SuiteRunner.run(SuiteRunner.java:312)
at org.testng.SuiteRunnerWorker.runSuite(SuiteRunnerWorker.java:52)
at org.testng.SuiteRunnerWorker.run(SuiteRunnerWorker.java:95)
at org.testng.TestNG.runSuitesSequentially(TestNG.java:1274)
at org.testng.TestNG.runSuitesLocally(TestNG.java:1208)
at org.testng.TestNG.runSuites(TestNG.java:1112)
at org.testng.TestNG.run(TestNG.java:1079)
at org.testng.remote.AbstractRemoteTestNG.run(AbstractRemoteTestNG.java:115)
at org.testng.remote.RemoteTestNG.initAndRun(RemoteTestNG.java:293)
at org.testng.remote.RemoteTestNG.main(RemoteTestNG.java:91)
]]>
    </failure>
  </testcase> <!-- verifyUserLogin -->
  <testcase classname="testScript.LoginPageTest" name="verifyIncorrectUserCorrectPwd" time="0.0">
    <ignored/>
  </testcase> <!-- verifyIncorrectUserCorrectPwd -->
  <testcase classname="testScript.LoginPageTest" name="verifycorrectUserInCorrectPwd" time="0.0">
    <ignored/>
  </testcase> <!-- verifycorrectUserInCorrectPwd -->
  <testcase classname="testScript.LoginPageTest" name="verifyUserLoginAllCombos" time="0.0">
    <ignored/>
  </testcase> <!-- verifyUserLoginAllCombos -->
</testsuite> <!-- Default test -->
