<?xml version="1.0" encoding="UTF-8"?>
<testng-results ignored="3" total="4" passed="1" failed="0" skipped="0">
  <reporter-output>
  </reporter-output>
  <suite started-at="2026-02-04T20:47:35 IST" name="Suite" finished-at="2026-02-04T20:47:52 IST" duration-ms="17599">
    <groups>
      <group name="smoke_test">
        <method signature="LoginPageTest.verifyUserLogin(java.lang.String,java.lang.String)[pri:0, instance:testScript.LoginPageTest@71809907]" name="verifyUserLogin" class="testScript.LoginPageTest"/>
      </group> <!-- smoke_test -->
    </groups>
    <test started-at="2026-02-04T20:47:35 IST" name="Test" finished-at="2026-02-04T20:47:52 IST" duration-ms="17599">
      <class name="testScript.LoginPageTest">
        <test-method is-config="true" signature="beforeMethod(java.lang.String)[pri:0, instance:testScript.LoginPageTest@71809907]" started-at="2026-02-04T20:47:35 IST" name="beforeMethod" finished-at="2026-02-04T20:47:47 IST" duration-ms="12292" status="PASS">
          <params>
            <param index="0">
              <value>
                <![CDATA[chrome]]>
              </value>
            </param>
          </params>
          <reporter-output>
          </reporter-output>
        </test-method> <!-- beforeMethod -->
        <test-method signature="verifyUserLogin(java.lang.String,java.lang.String)[pri:0, instance:testScript.LoginPageTest@71809907]" started-at="2026-02-04T20:47:47 IST" name="verifyUserLogin" description="Logging in with correct username and correct password" finished-at="2026-02-04T20:47:52 IST" duration-ms="5196" status="PASS">
          <params>
            <param index="0">
              <value>
                <![CDATA[admin]]>
              </value>
            </param>
            <param index="1">
              <value>
                <![CDATA[admin]]>
              </value>
            </param>
          </params>
          <reporter-output>
          </reporter-output>
        </test-method> <!-- verifyUserLogin -->
        <test-method is-config="true" signature="afterMethod(org.testng.ITestResult)[pri:0, instance:testScript.LoginPageTest@71809907]" started-at="2026-02-04T20:47:52 IST" name="afterMethod" finished-at="2026-02-04T20:47:52 IST" duration-ms="89" status="PASS">
          <params>
            <param index="0">
              <value>
                <![CDATA[[TestResult name=verifyUserLogin status=SUCCESS method=LoginPageTest.verifyUserLogin(java.lang.String,java.lang.String)[pri:0, instance:testScript.LoginPageTest@71809907] output={null}]]]>
              </value>
            </param>
          </params>
          <reporter-output>
          </reporter-output>
        </test-method> <!-- afterMethod -->
      </class> <!-- testScript.LoginPageTest -->
    </test> <!-- Test -->
  </suite> <!-- Suite -->
</testng-results>
