<?xml version="1.0" encoding="UTF-8"?>
<testng-results ignored="0" total="1" passed="1" failed="0" skipped="0">
  <reporter-output>
  </reporter-output>
  <suite started-at="2026-02-06T21:02:13 IST" name="Suite" finished-at="2026-02-06T21:02:43 IST" duration-ms="30620">
    <groups>
    </groups>
    <test started-at="2026-02-06T21:02:13 IST" name="Test" finished-at="2026-02-06T21:02:43 IST" duration-ms="30620">
      <class name="testScript.ManageCategoryTest">
        <test-method is-config="true" signature="beforeMethod(java.lang.String)[pri:0, instance:testScript.ManageCategoryTest@795cd85e]" started-at="2026-02-06T21:02:13 IST" name="beforeMethod" finished-at="2026-02-06T21:02:34 IST" duration-ms="21118" status="PASS">
          <params>
            <param index="0">
              <value>
                <![CDATA[chrome]]>
              </value>
            </param>
          </params>
          <reporter-output>
          </reporter-output>
        </test-method> <!-- beforeMethod -->
        <test-method signature="createCategory(java.lang.String,java.lang.String)[pri:0, instance:testScript.ManageCategoryTest@795cd85e]" started-at="2026-02-06T21:02:34 IST" name="createCategory" description="Adding new Category" finished-at="2026-02-06T21:02:43 IST" duration-ms="9368" status="PASS">
          <params>
            <param index="0">
              <value>
                <![CDATA[admin]]>
              </value>
            </param>
            <param index="1">
              <value>
                <![CDATA[admin]]>
              </value>
            </param>
          </params>
          <reporter-output>
          </reporter-output>
        </test-method> <!-- createCategory -->
        <test-method is-config="true" signature="afterMethod(org.testng.ITestResult)[pri:0, instance:testScript.ManageCategoryTest@795cd85e]" started-at="2026-02-06T21:02:43 IST" name="afterMethod" finished-at="2026-02-06T21:02:43 IST" duration-ms="98" status="PASS">
          <params>
            <param index="0">
              <value>
                <![CDATA[[TestResult name=createCategory status=SUCCESS method=ManageCategoryTest.createCategory(java.lang.String,java.lang.String)[pri:0, instance:testScript.ManageCategoryTest@795cd85e] output={null}]]]>
              </value>
            </param>
          </params>
          <reporter-output>
          </reporter-output>
        </test-method> <!-- afterMethod -->
      </class> <!-- testScript.ManageCategoryTest -->
    </test> <!-- Test -->
  </suite> <!-- Suite -->
</testng-results>
